<?xml version="1.0" encoding="UTF-8"?>
<entity-mappings xmlns="http://java.sun.com/xml/ns/persistence/orm"
  xmlns:xsi="http://www.w3.org/2001/XMLSchema-instance"
  xsi:schemaLocation="http://java.sun.com/xml/ns/persistence/orm orm_2_0.xsd"
  version="2.0">

<named-query name="test-query-1">
    <query>
     select
      new org.jbpm.kie.services.impl.model.ProcessInstanceDesc(
      log.processInstanceId,
      log.processId,
      log.processName,
      log.processVersion,
      log.status,
      log.externalId,
      log.start,
      log.identity
      )
      from
        ProcessInstanceLog log
      where
        log.status in (:states) and log.processName like :processName
    </query>
    <!-- hint name="org.hibernate.timeout" value="200"/ -->
  </named-query>

  <named-query name="test-query-2">
    <query>
      select
      new org.jbpm.kie.services.impl.model.NodeInstanceDesc(
      log.nodeInstanceId,
      log.nodeId,
      log.nodeName,
      log.nodeType,
      log.externalId,
      log.processInstanceId,
      log.date,
      log.connection,
      log.type,
      log.workItemId
      )
      from
        NodeInstanceLog log
      where
        log.processInstanceId=:processId AND log.externalId=:externalId 
      ORDER BY 
        log.date DESC, log.id DESC
    </query>
    <!-- hint name="org.hibernate.timeout" value="200"/ -->
  </named-query>
  
    <named-query name="test-query-3">
    <query>
      select
      new org.jbpm.kie.services.impl.model.NodeInstanceDesc(
      log.nodeInstanceId,
      log.nodeId,
      log.nodeName,
      log.nodeType,
      log.externalId,
      log.processInstanceId,
      log.date,
      log.connection,
      log.type,
      log.workItemId
      )
      from
        NodeInstanceLog log
      where
        log.processInstanceId=:processId AND log.externalId=:externalId 
        AND log.type=:type
      ORDER BY 
        log.date DESC, log.id DESC
    </query>
    <!-- hint name="org.hibernate.timeout" value="200"/ -->
  </named-query>


  <named-query name="test-query-4">
    <query>
      select
      new org.jbpm.kie.services.impl.model.NodeInstanceDesc(
      log.nodeInstanceId,
      log.nodeId,
      log.nodeName,
      log.nodeType,
      log.externalId,
      log.processInstanceId,
      log.date,
      log.connection,
      log.type,
      log.workItemId
      )
      from
        NodeInstanceLog log
      where
        log.nodeInstanceId in ( select nil.nodeInstanceId from NodeInstanceLog nil where nil.processInstanceId=:processId AND nil.externalId=:externalId 
                    GROUP BY nil.nodeInstanceId
                    HAVING sum(nil.type) = 0)
        and log.type = 0  
        and log.processInstanceId=:processId          
      order by
        log.id ASC
    </query>
    <!-- hint name="org.hibernate.timeout" value="200"/ -->
  </named-query>

</entity-mappings>